# JRE version: Java(TM) SE Runtime Environment (24.0.1+9) (build 24.0.1+9-30)
# Java VM: Java HotSpot(TM) 64-Bit Server VM (24.0.1+9-30, mixed mode, emulated-client, sharing, tiered, compressed oops, compressed class ptrs, g1 gc, windows-amd64)
GC Precious Log:
 CardTable entry size: 512
 Card Set container configuration: InlinePtr #cards 4 size 8 Array Of Cards #cards 16 size 48 Howl #buckets 8 coarsen threshold 3686 Howl Bitmap #cards 512 size 80 coarsen threshold 460 Card regions per heap region 1 cards per card region 4096
 CPUs: 16 total, 16 available
 Memory: 15557M
 Large Page Support: Disabled
 NUMA Support: Disabled
 Compressed Oops: Enabled (Zero based)
 Heap Region Size: 2M
 Heap Min Capacity: 8M
 Heap Initial Capacity: 244M
 Heap Max Capacity: 3890M
 Pre-touch: Disabled
 Parallel Workers: 13
 Concurrent Workers: 3
 Concurrent Refinement Workers: 13
 Periodic GC: Disabled
Heap:
 garbage-first heap   total reserved 3983360K, committed 116736K, used 44165K [0x000000070ce00000, 0x0000000800000000)
  region size 2048K, 6 young (12288K), 2 survivors (4096K)
 Metaspace       used 48338K, committed 48960K, reserved 1114112K
  class space    used 5808K, committed 6080K, reserved 1048576K
GC Heap History (16 events):
Event: 1.061 GC heap before
{Heap before GC invocations=0 (full 0):
 garbage-first heap   total reserved 3983360K, committed 251904K, used 48244K [0x000000070ce00000, 0x0000000800000000)
  region size 2048K, 24 young (49152K), 0 survivors (0K)
 Metaspace       used 7873K, committed 8064K, reserved 1114112K
  class space    used 779K, committed 896K, reserved 1048576K
}
Event: 1.070 GC heap after
{Heap after GC invocations=1 (full 0):
 garbage-first heap   total reserved 3983360K, committed 251904K, used 16807K [0x000000070ce00000, 0x0000000800000000)
  region size 2048K, 3 young (6144K), 3 survivors (6144K)
 Metaspace       used 7873K, committed 8064K, reserved 1114112K
  class space    used 779K, committed 896K, reserved 1048576K
}
Event: 2.036 GC heap before
{Heap before GC invocations=1 (full 0):
 garbage-first heap   total reserved 3983360K, committed 251904K, used 63911K [0x000000070ce00000, 0x0000000800000000)
  region size 2048K, 27 young (55296K), 3 survivors (6144K)
 Metaspace       used 17172K, committed 17536K, reserved 1114112K
  class space    used 2042K, committed 2240K, reserved 1048576K
}
Event: 2.046 GC heap after
{Heap after GC invocations=2 (full 0):
 garbage-first heap   total reserved 3983360K, committed 251904K, used 22518K [0x000000070ce00000, 0x0000000800000000)
  region size 2048K, 6 young (12288K), 6 survivors (12288K)
 Metaspace       used 17172K, committed 17536K, reserved 1114112K
  class space    used 2042K, committed 2240K, reserved 1048576K
}
Event: 2.576 GC heap before
{Heap before GC invocations=3 (full 0):
 garbage-first heap   total reserved 3983360K, committed 81920K, used 79862K [0x000000070ce00000, 0x0000000800000000)
  region size 2048K, 30 young (61440K), 6 survivors (12288K)
 Metaspace       used 23880K, committed 24192K, reserved 1114112K
  class space    used 2673K, committed 2816K, reserved 1048576K
}
Event: 2.589 GC heap after
{Heap after GC invocations=4 (full 0):
 garbage-first heap   total reserved 3983360K, committed 96256K, used 24600K [0x000000070ce00000, 0x0000000800000000)
  region size 2048K, 4 young (8192K), 4 survivors (8192K)
 Metaspace       used 23880K, committed 24192K, reserved 1114112K
  class space    used 2673K, committed 2816K, reserved 1048576K
}
Event: 3.411 GC heap before
{Heap before GC invocations=4 (full 0):
 garbage-first heap   total reserved 3983360K, committed 96256K, used 65560K [0x000000070ce00000, 0x0000000800000000)
  region size 2048K, 24 young (49152K), 4 survivors (8192K)
 Metaspace       used 27487K, committed 27904K, reserved 1114112K
  class space    used 3123K, committed 3328K, reserved 1048576K
}
Event: 3.425 GC heap after
{Heap after GC invocations=5 (full 0):
 garbage-first heap   total reserved 3983360K, committed 96256K, used 25490K [0x000000070ce00000, 0x0000000800000000)
  region size 2048K, 3 young (6144K), 3 survivors (6144K)
 Metaspace       used 27487K, committed 27904K, reserved 1114112K
  class space    used 3123K, committed 3328K, reserved 1048576K
}
Event: 3.614 GC heap before
{Heap before GC invocations=5 (full 0):
 garbage-first heap   total reserved 3983360K, committed 96256K, used 35730K [0x000000070ce00000, 0x0000000800000000)
  region size 2048K, 9 young (18432K), 3 survivors (6144K)
 Metaspace       used 28852K, committed 29248K, reserved 1114112K
  class space    used 3325K, committed 3520K, reserved 1048576K
}
Event: 3.624 GC heap after
{Heap after GC invocations=6 (full 0):
 garbage-first heap   total reserved 3983360K, committed 96256K, used 26753K [0x000000070ce00000, 0x0000000800000000)
  region size 2048K, 2 young (4096K), 2 survivors (4096K)
 Metaspace       used 28852K, committed 29248K, reserved 1114112K
  class space    used 3325K, committed 3520K, reserved 1048576K
}
Event: 4.600 GC heap before
{Heap before GC invocations=7 (full 0):
 garbage-first heap   total reserved 3983360K, committed 96256K, used 71809K [0x000000070ce00000, 0x0000000800000000)
  region size 2048K, 24 young (49152K), 2 survivors (4096K)
 Metaspace       used 37408K, committed 37888K, reserved 1114112K
  class space    used 4409K, committed 4608K, reserved 1048576K
}
Event: 4.614 GC heap after
{Heap after GC invocations=8 (full 0):
 garbage-first heap   total reserved 3983360K, committed 96256K, used 30706K [0x000000070ce00000, 0x0000000800000000)
  region size 2048K, 3 young (6144K), 3 survivors (6144K)
 Metaspace       used 37408K, committed 37888K, reserved 1114112K
  class space    used 4409K, committed 4608K, reserved 1048576K
}
Event: 5.579 GC heap before
{Heap before GC invocations=8 (full 0):
 garbage-first heap   total reserved 3983360K, committed 96256K, used 73714K [0x000000070ce00000, 0x0000000800000000)
  region size 2048K, 24 young (49152K), 3 survivors (6144K)
 Metaspace       used 43420K, committed 43968K, reserved 1114112K
  class space    used 5177K, committed 5376K, reserved 1048576K
}
Event: 5.605 GC heap after
{Heap after GC invocations=9 (full 0):
 garbage-first heap   total reserved 3983360K, committed 96256K, used 35402K [0x000000070ce00000, 0x0000000800000000)
  region size 2048K, 3 young (6144K), 3 survivors (6144K)
 Metaspace       used 43420K, committed 43968K, reserved 1114112K
  class space    used 5177K, committed 5376K, reserved 1048576K
}
Event: 516.578 GC heap before
{Heap before GC invocations=9 (full 0):
 garbage-first heap   total reserved 3983360K, committed 96256K, used 76362K [0x000000070ce00000, 0x0000000800000000)
  region size 2048K, 23 young (47104K), 3 survivors (6144K)
 Metaspace       used 48338K, committed 48960K, reserved 1114112K
  class space    used 5808K, committed 6080K, reserved 1048576K
}
Event: 516.591 GC heap after
{Heap after GC invocations=10 (full 0):
 garbage-first heap   total reserved 3983360K, committed 116736K, used 38021K [0x000000070ce00000, 0x0000000800000000)
  region size 2048K, 2 young (4096K), 2 survivors (4096K)
 Metaspace       used 48338K, committed 48960K, reserved 1114112K
  class space    used 5808K, committed 6080K, reserved 1048576K
}

